3/16/2010 8:09:52 PM [INFO] Network Connection Monitor Thread started...
3/16/2010 8:09:52 PM [INFO] Aborting network connection monitor thread...
3/16/2010 8:09:52 PM [INFO] Webserver started successfully on port 8080
3/16/2010 8:09:52 PM [INFO] Sante.EMR.SmartClient.Infrastructure.Logger.Module successfully loaded...
3/16/2010 8:09:52 PM [INFO] Sante.EMR.SmartClient.Infrastructure.Module.ConnectionMonitor.Module successfully loaded...
3/16/2010 8:09:52 PM [INFO] Sante.EMR.SmartClient.Infrastructure.Data.Module successfully loaded...
3/16/2010 8:09:52 PM [INFO] Sante.EMR.SmartClient.Infrastructure.Webserver.Module successfully loaded...
3/16/2010 8:09:52 PM [INFO] Webserver was successfully killed...
3/16/2010 8:29:04 PM [INFO] Network Connection Monitor Thread started...
3/16/2010 8:29:04 PM [INFO] Webserver started successfully on port 8080
3/16/2010 8:29:04 PM [INFO] Sante.EMR.SmartClient.Infrastructure.Logger.Module successfully loaded...
3/16/2010 8:29:04 PM [INFO] Sante.EMR.SmartClient.Infrastructure.Module.ConnectionMonitor.Module successfully loaded...
3/16/2010 8:29:04 PM [INFO] Sante.EMR.SmartClient.Infrastructure.Data.Module successfully loaded...
3/16/2010 8:29:04 PM [INFO] Sante.EMR.SmartClient.Infrastructure.Webserver.Module successfully loaded...
3/16/2010 8:29:04 PM [INFO] Aborting network connection monitor thread...
3/16/2010 8:29:04 PM [INFO] Webserver was successfully killed...
3/16/2010 8:31:02 PM [INFO] Network Connection Monitor Thread started...
3/16/2010 8:31:02 PM [INFO] Aborting network connection monitor thread...
3/16/2010 8:31:02 PM [INFO] Webserver started successfully on port 8080
3/16/2010 8:31:02 PM [INFO] Sante.EMR.SmartClient.Infrastructure.Logger.Module successfully loaded...
3/16/2010 8:31:02 PM [INFO] Sante.EMR.SmartClient.Infrastructure.Module.ConnectionMonitor.Module successfully loaded...
3/16/2010 8:31:02 PM [INFO] Sante.EMR.SmartClient.Infrastructure.Data.Module successfully loaded...
3/16/2010 8:31:02 PM [INFO] Sante.EMR.SmartClient.Infrastructure.Webserver.Module successfully loaded...
3/16/2010 8:31:02 PM [INFO] Webserver was successfully killed...
3/16/2010 9:38:14 PM [INFO] Network Connection Monitor Thread started...
3/16/2010 9:38:14 PM [INFO] Webserver started successfully on port 8080
3/16/2010 9:38:14 PM [INFO] Sante.EMR.SmartClient.Infrastructure.Logger.Module successfully loaded...
3/16/2010 9:38:14 PM [INFO] Sante.EMR.SmartClient.Infrastructure.Module.ConnectionMonitor.Module successfully loaded...
3/16/2010 9:38:14 PM [INFO] Sante.EMR.SmartClient.Infrastructure.Data.Module successfully loaded...
3/16/2010 9:38:14 PM [INFO] Sante.EMR.SmartClient.Infrastructure.Webserver.Module successfully loaded...
3/16/2010 9:41:24 PM [INFO] Network Connection Monitor Thread started...
3/16/2010 9:41:24 PM [INFO] Aborting network connection monitor thread...
3/16/2010 9:41:24 PM [INFO] Webserver started successfully on port 8080
3/16/2010 9:41:24 PM [INFO] Sante.EMR.SmartClient.Infrastructure.Logger.Module successfully loaded...
3/16/2010 9:41:24 PM [INFO] Sante.EMR.SmartClient.Infrastructure.Module.ConnectionMonitor.Module successfully loaded...
3/16/2010 9:41:24 PM [INFO] Sante.EMR.SmartClient.Infrastructure.Data.Module successfully loaded...
3/16/2010 9:41:24 PM [INFO] Sante.EMR.SmartClient.Infrastructure.Webserver.Module successfully loaded...
3/16/2010 9:41:24 PM [INFO] Webserver was successfully killed...
3/16/2010 11:46:30 PM [INFO] Network Connection Monitor Thread started...
3/16/2010 11:46:30 PM [INFO] Aborting network connection monitor thread...
3/16/2010 11:46:30 PM [INFO] Webserver started successfully on port 8080
3/16/2010 11:46:30 PM [INFO] Sante.EMR.SmartClient.Infrastructure.Logger.Module successfully loaded...
3/16/2010 11:46:30 PM [INFO] Sante.EMR.SmartClient.Infrastructure.Module.ConnectionMonitor.Module successfully loaded...
3/16/2010 11:46:30 PM [INFO] Sante.EMR.SmartClient.Infrastructure.Data.Module successfully loaded...
3/16/2010 11:46:30 PM [INFO] Sante.EMR.SmartClient.Infrastructure.Webserver.Module successfully loaded...
3/16/2010 11:46:30 PM [INFO] Server was unable to process request. ---> Incorrect syntax near 'ljljl'.
Unclosed quotation mark after the character string ')'.
3/16/2010 11:46:30 PM [INFO]    at System.Web.Services.Protocols.SoapHttpClientProtocol.ReadResponse(SoapClientMessage message, WebResponse response, Stream responseStream, Boolean asyncCall)
   at System.Web.Services.Protocols.SoapHttpClientProtocol.Invoke(String methodName, Object[] parameters)
   at Sante.EMR.SmartClient.Infrastructure.Data.DataWebService.DataService.SaveForm(Form form) in E:\CC 5tudio\projects\sante\santeemr\SmartClientES\Infrastructure.Data\Infrastructure.Data\Web References\DataWebService\Reference.cs:line 251
   at Sante.EMR.SmartClient.Infrastructure.Data.Services.DataAccessService.SendForm(Form f) in E:\CC 5tudio\projects\sante\santeemr\SmartClientES\Infrastructure.Data\Infrastructure.Data\Services\DataAccessService.cs:line 192
3/16/2010 11:46:30 PM [INFO] Webserver was successfully killed...
3/17/2010 12:09:25 AM [INFO] Network Connection Monitor Thread started...
3/17/2010 12:09:25 AM [INFO] Aborting network connection monitor thread...
3/17/2010 12:09:25 AM [INFO] Webserver started successfully on port 8080
3/17/2010 12:09:25 AM [INFO] Sante.EMR.SmartClient.Infrastructure.Logger.Module successfully loaded...
3/17/2010 12:09:25 AM [INFO] Sante.EMR.SmartClient.Infrastructure.Module.ConnectionMonitor.Module successfully loaded...
3/17/2010 12:09:25 AM [INFO] Sante.EMR.SmartClient.Infrastructure.Data.Module successfully loaded...
3/17/2010 12:09:25 AM [INFO] Sante.EMR.SmartClient.Infrastructure.Webserver.Module successfully loaded...
3/17/2010 12:09:25 AM [INFO] Webserver was successfully killed...
3/17/2010 12:22:27 AM [INFO] Network Connection Monitor Thread started...
3/17/2010 12:22:27 AM [INFO] Aborting network connection monitor thread...
3/17/2010 12:22:27 AM [INFO] Webserver started successfully on port 8080
3/17/2010 12:22:27 AM [INFO] Sante.EMR.SmartClient.Infrastructure.Logger.Module successfully loaded...
3/17/2010 12:22:27 AM [INFO] Sante.EMR.SmartClient.Infrastructure.Module.ConnectionMonitor.Module successfully loaded...
3/17/2010 12:22:27 AM [INFO] Sante.EMR.SmartClient.Infrastructure.Data.Module successfully loaded...
3/17/2010 12:22:27 AM [INFO] Sante.EMR.SmartClient.Infrastructure.Webserver.Module successfully loaded...
3/17/2010 12:22:27 AM [INFO] Webserver was successfully killed...
3/17/2010 12:24:50 AM [INFO] Network Connection Monitor Thread started...
3/17/2010 12:24:50 AM [INFO] Aborting network connection monitor thread...
3/17/2010 12:24:50 AM [INFO] Webserver started successfully on port 8080
3/17/2010 12:24:50 AM [INFO] Sante.EMR.SmartClient.Infrastructure.Logger.Module successfully loaded...
3/17/2010 12:24:50 AM [INFO] Sante.EMR.SmartClient.Infrastructure.Module.ConnectionMonitor.Module successfully loaded...
3/17/2010 12:24:50 AM [INFO] Sante.EMR.SmartClient.Infrastructure.Data.Module successfully loaded...
3/17/2010 12:24:50 AM [INFO] Sante.EMR.SmartClient.Infrastructure.Webserver.Module successfully loaded...
3/17/2010 12:24:50 AM [INFO] Webserver was successfully killed...
3/17/2010 12:28:41 AM [INFO] Network Connection Monitor Thread started...
3/17/2010 12:28:41 AM [INFO] Aborting network connection monitor thread...
3/17/2010 12:28:41 AM [INFO] Webserver started successfully on port 8080
3/17/2010 12:28:41 AM [INFO] Sante.EMR.SmartClient.Infrastructure.Logger.Module successfully loaded...
3/17/2010 12:28:41 AM [INFO] Sante.EMR.SmartClient.Infrastructure.Module.ConnectionMonitor.Module successfully loaded...
3/17/2010 12:28:41 AM [INFO] Sante.EMR.SmartClient.Infrastructure.Data.Module successfully loaded...
3/17/2010 12:28:41 AM [INFO] Sante.EMR.SmartClient.Infrastructure.Webserver.Module successfully loaded...
3/17/2010 12:28:41 AM [INFO] Webserver was successfully killed...
3/17/2010 12:30:56 AM [INFO] Network Connection Monitor Thread started...
3/17/2010 12:30:56 AM [INFO] Aborting network connection monitor thread...
3/17/2010 12:30:56 AM [INFO] Webserver started successfully on port 8080
3/17/2010 12:30:56 AM [INFO] Sante.EMR.SmartClient.Infrastructure.Logger.Module successfully loaded...
3/17/2010 12:30:56 AM [INFO] Sante.EMR.SmartClient.Infrastructure.Module.ConnectionMonitor.Module successfully loaded...
3/17/2010 12:30:56 AM [INFO] Sante.EMR.SmartClient.Infrastructure.Data.Module successfully loaded...
3/17/2010 12:30:56 AM [INFO] Sante.EMR.SmartClient.Infrastructure.Webserver.Module successfully loaded...
3/17/2010 12:30:56 AM [INFO] Webserver was successfully killed...
3/17/2010 12:36:43 AM [INFO] Network Connection Monitor Thread started...
3/17/2010 12:36:43 AM [INFO] Aborting network connection monitor thread...
3/17/2010 12:36:43 AM [INFO] Webserver started successfully on port 8080
3/17/2010 12:36:43 AM [INFO] Sante.EMR.SmartClient.Infrastructure.Logger.Module successfully loaded...
3/17/2010 12:36:43 AM [INFO] Sante.EMR.SmartClient.Infrastructure.Module.ConnectionMonitor.Module successfully loaded...
3/17/2010 12:36:43 AM [INFO] Sante.EMR.SmartClient.Infrastructure.Data.Module successfully loaded...
3/17/2010 12:36:43 AM [INFO] Sante.EMR.SmartClient.Infrastructure.Webserver.Module successfully loaded...
3/17/2010 12:36:43 AM [INFO] Webserver was successfully killed...
3/17/2010 12:38:11 AM [INFO] Network Connection Monitor Thread started...
3/17/2010 12:38:11 AM [INFO] Aborting network connection monitor thread...
3/17/2010 12:38:11 AM [INFO] Webserver started successfully on port 8080
3/17/2010 12:38:11 AM [INFO] Sante.EMR.SmartClient.Infrastructure.Logger.Module successfully loaded...
3/17/2010 12:38:11 AM [INFO] Sante.EMR.SmartClient.Infrastructure.Module.ConnectionMonitor.Module successfully loaded...
3/17/2010 12:38:11 AM [INFO] Sante.EMR.SmartClient.Infrastructure.Data.Module successfully loaded...
3/17/2010 12:38:11 AM [INFO] Sante.EMR.SmartClient.Infrastructure.Webserver.Module successfully loaded...
3/17/2010 12:38:11 AM [INFO] Webserver was successfully killed...
3/17/2010 12:39:49 AM [INFO] Network Connection Monitor Thread started...
3/17/2010 12:39:49 AM [INFO] Could not find binary file to deserialize or file is empty.
3/17/2010 12:39:49 AM [INFO] Webserver started successfully on port 8080
3/17/2010 12:39:49 AM [INFO] Sante.EMR.SmartClient.Infrastructure.Logger.Module successfully loaded...
3/17/2010 12:39:49 AM [INFO] Sante.EMR.SmartClient.Infrastructure.Module.ConnectionMonitor.Module successfully loaded...
3/17/2010 12:39:49 AM [INFO] Sante.EMR.SmartClient.Infrastructure.Data.Module successfully loaded...
3/17/2010 12:39:49 AM [INFO] Sante.EMR.SmartClient.Infrastructure.Webserver.Module successfully loaded...
3/17/2010 12:45:44 AM [INFO] Network Connection Monitor Thread started...
3/17/2010 12:45:44 AM [INFO] Aborting network connection monitor thread...
3/17/2010 12:45:44 AM [INFO] Webserver started successfully on port 8080
3/17/2010 12:45:44 AM [INFO] Could not find binary file to deserialize or file is empty.
3/17/2010 12:45:44 AM [INFO] Sante.EMR.SmartClient.Infrastructure.Logger.Module successfully loaded...
3/17/2010 12:45:44 AM [INFO] Sante.EMR.SmartClient.Infrastructure.Module.ConnectionMonitor.Module successfully loaded...
3/17/2010 12:45:44 AM [INFO] Sante.EMR.SmartClient.Infrastructure.Data.Module successfully loaded...
3/17/2010 12:45:44 AM [INFO] Sante.EMR.SmartClient.Infrastructure.Webserver.Module successfully loaded...
3/17/2010 12:45:44 AM [INFO] Webserver was successfully killed...
3/17/2010 1:05:39 AM [INFO] Network Connection Monitor Thread started...
3/17/2010 1:05:39 AM [INFO] Aborting network connection monitor thread...
3/17/2010 1:05:39 AM [INFO] Webserver started successfully on port 8080
3/17/2010 1:05:39 AM [INFO] Sante.EMR.SmartClient.Infrastructure.Logger.Module successfully loaded...
3/17/2010 1:05:39 AM [INFO] Sante.EMR.SmartClient.Infrastructure.Module.ConnectionMonitor.Module successfully loaded...
3/17/2010 1:05:39 AM [INFO] Sante.EMR.SmartClient.Infrastructure.Data.Module successfully loaded...
3/17/2010 1:05:39 AM [INFO] Sante.EMR.SmartClient.Infrastructure.Webserver.Module successfully loaded...
3/17/2010 1:05:39 AM [INFO] Webserver was successfully killed...
3/17/2010 1:08:17 AM [INFO] Network Connection Monitor Thread started...
3/17/2010 1:08:17 AM [INFO] Aborting network connection monitor thread...
3/17/2010 1:08:17 AM [INFO] Webserver started successfully on port 8080
3/17/2010 1:08:17 AM [INFO] Sante.EMR.SmartClient.Infrastructure.Logger.Module successfully loaded...
3/17/2010 1:08:17 AM [INFO] Sante.EMR.SmartClient.Infrastructure.Module.ConnectionMonitor.Module successfully loaded...
3/17/2010 1:08:17 AM [INFO] Sante.EMR.SmartClient.Infrastructure.Data.Module successfully loaded...
3/17/2010 1:08:17 AM [INFO] Sante.EMR.SmartClient.Infrastructure.Webserver.Module successfully loaded...
3/17/2010 1:08:17 AM [INFO] Webserver was successfully killed...
3/17/2010 1:13:39 AM [INFO] Network Connection Monitor Thread started...
3/17/2010 1:13:39 AM [INFO] Webserver started successfully on port 8080
3/17/2010 1:13:39 AM [INFO] Sante.EMR.SmartClient.Infrastructure.Logger.Module successfully loaded...
3/17/2010 1:13:39 AM [INFO] Sante.EMR.SmartClient.Infrastructure.Module.ConnectionMonitor.Module successfully loaded...
3/17/2010 1:13:39 AM [INFO] Sante.EMR.SmartClient.Infrastructure.Data.Module successfully loaded...
3/17/2010 1:13:39 AM [INFO] Sante.EMR.SmartClient.Infrastructure.Webserver.Module successfully loaded...
3/17/2010 1:13:39 AM [INFO] Aborting network connection monitor thread...
3/17/2010 1:13:39 AM [INFO] Webserver was successfully killed...
3/17/2010 1:21:42 AM [INFO] Network Connection Monitor Thread started...
3/17/2010 1:21:42 AM [INFO] Webserver started successfully on port 8080
3/17/2010 1:21:42 AM [INFO] Sante.EMR.SmartClient.Infrastructure.Logger.Module successfully loaded...
3/17/2010 1:21:42 AM [INFO] Sante.EMR.SmartClient.Infrastructure.Module.ConnectionMonitor.Module successfully loaded...
3/17/2010 1:21:42 AM [INFO] Sante.EMR.SmartClient.Infrastructure.Data.Module successfully loaded...
3/17/2010 1:21:42 AM [INFO] Sante.EMR.SmartClient.Infrastructure.Webserver.Module successfully loaded...
3/17/2010 1:34:32 AM [INFO] Network Connection Monitor Thread started...
3/17/2010 1:34:32 AM [INFO] Aborting network connection monitor thread...
3/17/2010 1:34:32 AM [INFO] Webserver started successfully on port 8080
3/17/2010 1:34:32 AM [INFO] Sante.EMR.SmartClient.Infrastructure.Logger.Module successfully loaded...
3/17/2010 1:34:32 AM [INFO] Sante.EMR.SmartClient.Infrastructure.Module.ConnectionMonitor.Module successfully loaded...
3/17/2010 1:34:32 AM [INFO] Sante.EMR.SmartClient.Infrastructure.Data.Module successfully loaded...
3/17/2010 1:34:32 AM [INFO] Sante.EMR.SmartClient.Infrastructure.Webserver.Module successfully loaded...
3/17/2010 1:34:32 AM [INFO] Webserver was successfully killed...
3/17/2010 1:53:29 AM [INFO] Network Connection Monitor Thread started...
3/17/2010 1:53:29 AM [INFO] Aborting network connection monitor thread...
3/17/2010 1:53:29 AM [INFO] Webserver started successfully on port 8080
3/17/2010 1:53:29 AM [INFO] Sante.EMR.SmartClient.Infrastructure.Logger.Module successfully loaded...
3/17/2010 1:53:29 AM [INFO] Sante.EMR.SmartClient.Infrastructure.Module.ConnectionMonitor.Module successfully loaded...
3/17/2010 1:53:29 AM [INFO] Sante.EMR.SmartClient.Infrastructure.Data.Module successfully loaded...
3/17/2010 1:53:29 AM [INFO] Sante.EMR.SmartClient.Infrastructure.Webserver.Module successfully loaded...
3/17/2010 1:53:29 AM [INFO] Webserver was successfully killed...
3/17/2010 1:55:29 AM [INFO] Network Connection Monitor Thread started...
3/17/2010 1:55:29 AM [INFO] Aborting network connection monitor thread...
3/17/2010 1:55:29 AM [INFO] Webserver started successfully on port 8080
3/17/2010 1:55:29 AM [INFO] Sante.EMR.SmartClient.Infrastructure.Logger.Module successfully loaded...
3/17/2010 1:55:29 AM [INFO] Sante.EMR.SmartClient.Infrastructure.Module.ConnectionMonitor.Module successfully loaded...
3/17/2010 1:55:29 AM [INFO] Sante.EMR.SmartClient.Infrastructure.Data.Module successfully loaded...
3/17/2010 1:55:29 AM [INFO] Sante.EMR.SmartClient.Infrastructure.Webserver.Module successfully loaded...
3/17/2010 1:55:29 AM [INFO] Webserver was successfully killed...
3/17/2010 1:58:35 AM [INFO] Network Connection Monitor Thread started...
3/17/2010 1:58:35 AM [INFO] Webserver started successfully on port 8080
3/17/2010 1:58:35 AM [INFO] Sante.EMR.SmartClient.Infrastructure.Logger.Module successfully loaded...
3/17/2010 1:58:35 AM [INFO] Sante.EMR.SmartClient.Infrastructure.Module.ConnectionMonitor.Module successfully loaded...
3/17/2010 1:58:35 AM [INFO] Sante.EMR.SmartClient.Infrastructure.Data.Module successfully loaded...
3/17/2010 1:58:35 AM [INFO] Sante.EMR.SmartClient.Infrastructure.Webserver.Module successfully loaded...
3/17/2010 2:04:20 AM [INFO] Network Connection Monitor Thread started...
3/17/2010 2:04:20 AM [INFO] Aborting network connection monitor thread...
3/17/2010 2:04:20 AM [INFO] Webserver started successfully on port 8080
3/17/2010 2:04:20 AM [INFO] Sante.EMR.SmartClient.Infrastructure.Logger.Module successfully loaded...
3/17/2010 2:04:20 AM [INFO] Sante.EMR.SmartClient.Infrastructure.Module.ConnectionMonitor.Module successfully loaded...
3/17/2010 2:04:20 AM [INFO] Sante.EMR.SmartClient.Infrastructure.Data.Module successfully loaded...
3/17/2010 2:04:20 AM [INFO] Sante.EMR.SmartClient.Infrastructure.Webserver.Module successfully loaded...
3/17/2010 2:04:20 AM [INFO] Webserver was successfully killed...
3/17/2010 2:06:07 AM [INFO] Network Connection Monitor Thread started...
3/17/2010 2:06:07 AM [INFO] Aborting network connection monitor thread...
3/17/2010 2:06:07 AM [INFO] Webserver started successfully on port 8080
3/17/2010 2:06:07 AM [INFO] Sante.EMR.SmartClient.Infrastructure.Logger.Module successfully loaded...
3/17/2010 2:06:07 AM [INFO] Sante.EMR.SmartClient.Infrastructure.Module.ConnectionMonitor.Module successfully loaded...
3/17/2010 2:06:07 AM [INFO] Sante.EMR.SmartClient.Infrastructure.Data.Module successfully loaded...
3/17/2010 2:06:07 AM [INFO] Sante.EMR.SmartClient.Infrastructure.Webserver.Module successfully loaded...
3/17/2010 2:06:07 AM [INFO] Webserver was successfully killed...
3/17/2010 2:31:40 AM [INFO] Network Connection Monitor Thread started...
3/17/2010 2:31:40 AM [INFO] Aborting network connection monitor thread...
3/17/2010 2:31:40 AM [INFO] Webserver started successfully on port 8080
3/17/2010 2:31:40 AM [INFO] Sante.EMR.SmartClient.Infrastructure.Logger.Module successfully loaded...
3/17/2010 2:31:40 AM [INFO] Sante.EMR.SmartClient.Infrastructure.Module.ConnectionMonitor.Module successfully loaded...
3/17/2010 2:31:40 AM [INFO] Sante.EMR.SmartClient.Infrastructure.Data.Module successfully loaded...
3/17/2010 2:31:40 AM [INFO] Sante.EMR.SmartClient.Infrastructure.Webserver.Module successfully loaded...
3/17/2010 2:31:40 AM [INFO] Webserver was successfully killed...
3/17/2010 2:33:33 AM [INFO] Network Connection Monitor Thread started...
3/17/2010 2:33:33 AM [INFO] Aborting network connection monitor thread...
3/17/2010 2:33:33 AM [INFO] Webserver started successfully on port 8080
3/17/2010 2:33:33 AM [INFO] Sante.EMR.SmartClient.Infrastructure.Logger.Module successfully loaded...
3/17/2010 2:33:33 AM [INFO] Sante.EMR.SmartClient.Infrastructure.Module.ConnectionMonitor.Module successfully loaded...
3/17/2010 2:33:33 AM [INFO] Sante.EMR.SmartClient.Infrastructure.Data.Module successfully loaded...
3/17/2010 2:33:33 AM [INFO] Sante.EMR.SmartClient.Infrastructure.Webserver.Module successfully loaded...
3/17/2010 2:33:33 AM [INFO] Webserver was successfully killed...
3/17/2010 2:42:06 AM [INFO] Network Connection Monitor Thread started...
3/17/2010 2:42:06 AM [INFO] Aborting network connection monitor thread...
3/17/2010 2:42:06 AM [INFO] Webserver started successfully on port 8080
3/17/2010 2:42:06 AM [INFO] Sante.EMR.SmartClient.Infrastructure.Logger.Module successfully loaded...
3/17/2010 2:42:06 AM [INFO] Sante.EMR.SmartClient.Infrastructure.Module.ConnectionMonitor.Module successfully loaded...
3/17/2010 2:42:06 AM [INFO] Sante.EMR.SmartClient.Infrastructure.Data.Module successfully loaded...
3/17/2010 2:42:06 AM [INFO] Sante.EMR.SmartClient.Infrastructure.Webserver.Module successfully loaded...
3/17/2010 2:42:06 AM [INFO] Server was unable to process request. ---> The conversion of a char data type to a datetime data type resulted in an out-of-range datetime value.
The statement has been terminated.
3/17/2010 2:42:06 AM [INFO]    at System.Web.Services.Protocols.SoapHttpClientProtocol.ReadResponse(SoapClientMessage message, WebResponse response, Stream responseStream, Boolean asyncCall)
   at System.Web.Services.Protocols.SoapHttpClientProtocol.Invoke(String methodName, Object[] parameters)
   at Sante.EMR.SmartClient.Infrastructure.Data.DataWebService.DataService.SaveCase(Case c) in e:\cc 5tudio\projects\sante\santeemr\smartclientes\infrastructure.data\infrastructure.data\web references\datawebservice\reference.cs:line 222
   at Sante.EMR.SmartClient.Infrastructure.Data.Services.DataAccessService.SendCase(Case c) in E:\CC 5tudio\projects\sante\santeemr\SmartClientES\Infrastructure.Data\Infrastructure.Data\Services\DataAccessService.cs:line 278
3/17/2010 2:42:06 AM [INFO] Webserver was successfully killed...
3/17/2010 2:55:40 AM [INFO] Network Connection Monitor Thread started...
3/17/2010 2:55:40 AM [INFO] Aborting network connection monitor thread...
3/17/2010 2:55:40 AM [INFO] Webserver started successfully on port 8080
3/17/2010 2:55:40 AM [INFO] Sante.EMR.SmartClient.Infrastructure.Logger.Module successfully loaded...
3/17/2010 2:55:40 AM [INFO] Sante.EMR.SmartClient.Infrastructure.Module.ConnectionMonitor.Module successfully loaded...
3/17/2010 2:55:40 AM [INFO] Sante.EMR.SmartClient.Infrastructure.Data.Module successfully loaded...
3/17/2010 2:55:40 AM [INFO] Sante.EMR.SmartClient.Infrastructure.Webserver.Module successfully loaded...
3/17/2010 2:55:40 AM [INFO] Server was unable to process request. ---> The conversion of a char data type to a datetime data type resulted in an out-of-range datetime value.
The statement has been terminated.
3/17/2010 2:55:40 AM [INFO]    at System.Web.Services.Protocols.SoapHttpClientProtocol.ReadResponse(SoapClientMessage message, WebResponse response, Stream responseStream, Boolean asyncCall)
   at System.Web.Services.Protocols.SoapHttpClientProtocol.Invoke(String methodName, Object[] parameters)
   at Sante.EMR.SmartClient.Infrastructure.Data.DataWebService.DataService.SaveCase(Case c) in e:\cc 5tudio\projects\sante\santeemr\smartclientes\infrastructure.data\infrastructure.data\web references\datawebservice\reference.cs:line 222
   at Sante.EMR.SmartClient.Infrastructure.Data.Services.DataAccessService.SendCase(Case c) in E:\CC 5tudio\projects\sante\santeemr\SmartClientES\Infrastructure.Data\Infrastructure.Data\Services\DataAccessService.cs:line 278
3/17/2010 2:55:40 AM [INFO] Webserver was successfully killed...
3/17/2010 3:00:58 AM [INFO] Network Connection Monitor Thread started...
3/17/2010 3:00:58 AM [INFO] Aborting network connection monitor thread...
3/17/2010 3:00:58 AM [INFO] Webserver started successfully on port 8080
3/17/2010 3:00:58 AM [INFO] Sante.EMR.SmartClient.Infrastructure.Logger.Module successfully loaded...
3/17/2010 3:00:58 AM [INFO] Sante.EMR.SmartClient.Infrastructure.Module.ConnectionMonitor.Module successfully loaded...
3/17/2010 3:00:58 AM [INFO] Sante.EMR.SmartClient.Infrastructure.Data.Module successfully loaded...
3/17/2010 3:00:58 AM [INFO] Sante.EMR.SmartClient.Infrastructure.Webserver.Module successfully loaded...
3/17/2010 3:00:58 AM [INFO] Server was unable to process request. ---> The conversion of a char data type to a datetime data type resulted in an out-of-range datetime value.
The statement has been terminated.
3/17/2010 3:00:58 AM [INFO]    at System.Web.Services.Protocols.SoapHttpClientProtocol.ReadResponse(SoapClientMessage message, WebResponse response, Stream responseStream, Boolean asyncCall)
   at System.Web.Services.Protocols.SoapHttpClientProtocol.Invoke(String methodName, Object[] parameters)
   at Sante.EMR.SmartClient.Infrastructure.Data.DataWebService.DataService.SaveCase(Case c) in e:\cc 5tudio\projects\sante\santeemr\smartclientes\infrastructure.data\infrastructure.data\web references\datawebservice\reference.cs:line 222
   at Sante.EMR.SmartClient.Infrastructure.Data.Services.DataAccessService.SendCase(Case c) in E:\CC 5tudio\projects\sante\santeemr\SmartClientES\Infrastructure.Data\Infrastructure.Data\Services\DataAccessService.cs:line 278
3/17/2010 3:00:58 AM [INFO] Webserver was successfully killed...
3/17/2010 1:10:34 PM [INFO] Network Connection Monitor Thread started...
3/17/2010 1:10:34 PM [INFO] Aborting network connection monitor thread...
3/17/2010 1:10:34 PM [INFO] Webserver started successfully on port 8080
3/17/2010 1:10:34 PM [INFO] Sante.EMR.SmartClient.Infrastructure.Logger.Module successfully loaded...
3/17/2010 1:10:34 PM [INFO] Sante.EMR.SmartClient.Infrastructure.Module.ConnectionMonitor.Module successfully loaded...
3/17/2010 1:10:34 PM [INFO] Sante.EMR.SmartClient.Infrastructure.Data.Module successfully loaded...
3/17/2010 1:10:34 PM [INFO] Sante.EMR.SmartClient.Infrastructure.Webserver.Module successfully loaded...
3/17/2010 1:10:34 PM [INFO] Server was unable to process request. ---> The conversion of a char data type to a datetime data type resulted in an out-of-range datetime value.
The statement has been terminated.
3/17/2010 1:10:34 PM [INFO]    at System.Web.Services.Protocols.SoapHttpClientProtocol.ReadResponse(SoapClientMessage message, WebResponse response, Stream responseStream, Boolean asyncCall)
   at System.Web.Services.Protocols.SoapHttpClientProtocol.Invoke(String methodName, Object[] parameters)
   at Sante.EMR.SmartClient.Infrastructure.Data.DataWebService.DataService.SaveCase(Case c) in e:\cc 5tudio\projects\sante\santeemr\smartclientes\infrastructure.data\infrastructure.data\web references\datawebservice\reference.cs:line 222
   at Sante.EMR.SmartClient.Infrastructure.Data.Services.DataAccessService.SendCase(Case c) in E:\CC 5tudio\projects\sante\santeemr\SmartClientES\Infrastructure.Data\Infrastructure.Data\Services\DataAccessService.cs:line 278
3/17/2010 1:10:34 PM [INFO] Webserver was successfully killed...
3/17/2010 1:36:25 PM [INFO] Network Connection Monitor Thread started...
3/17/2010 1:36:25 PM [INFO] Aborting network connection monitor thread...
3/17/2010 1:36:25 PM [INFO] Webserver started successfully on port 8080
3/17/2010 1:36:25 PM [INFO] Sante.EMR.SmartClient.Infrastructure.Logger.Module successfully loaded...
3/17/2010 1:36:25 PM [INFO] Sante.EMR.SmartClient.Infrastructure.Module.ConnectionMonitor.Module successfully loaded...
3/17/2010 1:36:25 PM [INFO] Sante.EMR.SmartClient.Infrastructure.Data.Module successfully loaded...
3/17/2010 1:36:25 PM [INFO] Sante.EMR.SmartClient.Infrastructure.Webserver.Module successfully loaded...
3/17/2010 1:36:25 PM [INFO] Webserver was successfully killed...
3/17/2010 2:46:30 PM [INFO] Network Connection Monitor Thread started...
3/17/2010 2:46:30 PM [INFO] Aborting network connection monitor thread...
3/17/2010 2:46:30 PM [INFO] Webserver started successfully on port 8080
3/17/2010 2:46:30 PM [INFO] Sante.EMR.SmartClient.Infrastructure.Logger.Module successfully loaded...
3/17/2010 2:46:30 PM [INFO] Sante.EMR.SmartClient.Infrastructure.Module.ConnectionMonitor.Module successfully loaded...
3/17/2010 2:46:30 PM [INFO] Sante.EMR.SmartClient.Infrastructure.Data.Module successfully loaded...
3/17/2010 2:46:30 PM [INFO] Sante.EMR.SmartClient.Infrastructure.Webserver.Module successfully loaded...
3/17/2010 2:46:30 PM [INFO] Webserver was successfully killed...
3/17/2010 2:59:40 PM [INFO] Network Connection Monitor Thread started...
3/17/2010 2:59:40 PM [INFO] Webserver started successfully on port 8080
3/17/2010 2:59:40 PM [INFO] Sante.EMR.SmartClient.Infrastructure.Logger.Module successfully loaded...
3/17/2010 2:59:40 PM [INFO] Sante.EMR.SmartClient.Infrastructure.Module.ConnectionMonitor.Module successfully loaded...
3/17/2010 2:59:40 PM [INFO] Sante.EMR.SmartClient.Infrastructure.Data.Module successfully loaded...
3/17/2010 2:59:40 PM [INFO] Sante.EMR.SmartClient.Infrastructure.Webserver.Module successfully loaded...
3/17/2010 3:01:36 PM [INFO] Network Connection Monitor Thread started...
3/17/2010 3:01:36 PM [INFO] Aborting network connection monitor thread...
3/17/2010 3:01:36 PM [INFO] Webserver started successfully on port 8080
3/17/2010 3:01:36 PM [INFO] Sante.EMR.SmartClient.Infrastructure.Logger.Module successfully loaded...
3/17/2010 3:01:36 PM [INFO] Sante.EMR.SmartClient.Infrastructure.Module.ConnectionMonitor.Module successfully loaded...
3/17/2010 3:01:36 PM [INFO] Sante.EMR.SmartClient.Infrastructure.Data.Module successfully loaded...
3/17/2010 3:01:36 PM [INFO] Sante.EMR.SmartClient.Infrastructure.Webserver.Module successfully loaded...
3/17/2010 3:01:36 PM [INFO] Webserver was successfully killed...
3/17/2010 5:46:44 PM [INFO] Network Connection Monitor Thread started...
3/17/2010 5:46:44 PM [INFO] Webserver started successfully on port 8080
3/17/2010 5:46:44 PM [INFO] Sante.EMR.SmartClient.Infrastructure.Logger.Module successfully loaded...
3/17/2010 5:46:44 PM [INFO] Sante.EMR.SmartClient.Infrastructure.Module.ConnectionMonitor.Module successfully loaded...
3/17/2010 5:46:44 PM [INFO] Sante.EMR.SmartClient.Infrastructure.Data.Module successfully loaded...
3/17/2010 5:46:44 PM [INFO] Sante.EMR.SmartClient.Infrastructure.Webserver.Module successfully loaded...
3/17/2010 5:46:44 PM [INFO] Aborting network connection monitor thread...
3/17/2010 5:46:44 PM [INFO] Webserver was successfully killed...
3/17/2010 8:21:29 PM [INFO] Network Connection Monitor Thread started...
3/17/2010 8:21:29 PM [INFO] Aborting network connection monitor thread...
3/17/2010 8:21:29 PM [INFO] Webserver started successfully on port 8080
3/17/2010 8:21:29 PM [INFO] Sante.EMR.SmartClient.Infrastructure.Logger.Module successfully loaded...
3/17/2010 8:21:29 PM [INFO] Sante.EMR.SmartClient.Infrastructure.Module.ConnectionMonitor.Module successfully loaded...
3/17/2010 8:21:29 PM [INFO] Sante.EMR.SmartClient.Infrastructure.Data.Module successfully loaded...
3/17/2010 8:21:29 PM [INFO] Sante.EMR.SmartClient.Infrastructure.Webserver.Module successfully loaded...
3/17/2010 8:21:29 PM [INFO] Webserver was successfully killed...
3/17/2010 8:24:27 PM [INFO] Network Connection Monitor Thread started...
3/17/2010 8:24:27 PM [INFO] Aborting network connection monitor thread...
3/17/2010 8:24:27 PM [INFO] Webserver started successfully on port 8080
3/17/2010 8:24:27 PM [INFO] Sante.EMR.SmartClient.Infrastructure.Logger.Module successfully loaded...
3/17/2010 8:24:27 PM [INFO] Sante.EMR.SmartClient.Infrastructure.Module.ConnectionMonitor.Module successfully loaded...
3/17/2010 8:24:27 PM [INFO] Sante.EMR.SmartClient.Infrastructure.Data.Module successfully loaded...
3/17/2010 8:24:27 PM [INFO] Sante.EMR.SmartClient.Infrastructure.Webserver.Module successfully loaded...
3/17/2010 8:24:27 PM [INFO] Webserver was successfully killed...
3/17/2010 8:26:52 PM [INFO] Network Connection Monitor Thread started...
3/17/2010 8:26:52 PM [INFO] Aborting network connection monitor thread...
3/17/2010 8:26:52 PM [INFO] Webserver started successfully on port 8080
3/17/2010 8:26:52 PM [INFO] Sante.EMR.SmartClient.Infrastructure.Logger.Module successfully loaded...
3/17/2010 8:26:52 PM [INFO] Sante.EMR.SmartClient.Infrastructure.Module.ConnectionMonitor.Module successfully loaded...
3/17/2010 8:26:52 PM [INFO] Sante.EMR.SmartClient.Infrastructure.Data.Module successfully loaded...
3/17/2010 8:26:52 PM [INFO] Sante.EMR.SmartClient.Infrastructure.Webserver.Module successfully loaded...
3/17/2010 8:26:52 PM [INFO] Webserver was successfully killed...
3/17/2010 9:44:27 PM [INFO] Network Connection Monitor Thread started...
3/17/2010 9:44:27 PM [INFO] Aborting network connection monitor thread...
3/17/2010 9:44:27 PM [INFO] Webserver started successfully on port 8080
3/17/2010 9:44:27 PM [INFO] Sante.EMR.SmartClient.Infrastructure.Logger.Module successfully loaded...
3/17/2010 9:44:27 PM [INFO] Sante.EMR.SmartClient.Infrastructure.Module.ConnectionMonitor.Module successfully loaded...
3/17/2010 9:44:27 PM [INFO] Sante.EMR.SmartClient.Infrastructure.Data.Module successfully loaded...
3/17/2010 9:44:27 PM [INFO] Sante.EMR.SmartClient.Infrastructure.Webserver.Module successfully loaded...
3/17/2010 9:44:27 PM [INFO] Webserver was successfully killed...
3/17/2010 9:55:21 PM [INFO] Network Connection Monitor Thread started...
3/17/2010 9:55:21 PM [INFO] Aborting network connection monitor thread...
3/17/2010 9:55:21 PM [INFO] Webserver started successfully on port 8080
3/17/2010 9:55:21 PM [INFO] Sante.EMR.SmartClient.Infrastructure.Logger.Module successfully loaded...
3/17/2010 9:55:21 PM [INFO] Sante.EMR.SmartClient.Infrastructure.Module.ConnectionMonitor.Module successfully loaded...
3/17/2010 9:55:21 PM [INFO] Sante.EMR.SmartClient.Infrastructure.Data.Module successfully loaded...
3/17/2010 9:55:21 PM [INFO] Sante.EMR.SmartClient.Infrastructure.Webserver.Module successfully loaded...
3/17/2010 9:55:21 PM [INFO] Webserver was successfully killed...
3/17/2010 10:04:33 PM [INFO] Network Connection Monitor Thread started...
3/17/2010 10:04:33 PM [INFO] Aborting network connection monitor thread...
3/17/2010 10:04:33 PM [INFO] Webserver started successfully on port 8080
3/17/2010 10:04:33 PM [INFO] Sante.EMR.SmartClient.Infrastructure.Logger.Module successfully loaded...
3/17/2010 10:04:33 PM [INFO] Sante.EMR.SmartClient.Infrastructure.Module.ConnectionMonitor.Module successfully loaded...
3/17/2010 10:04:33 PM [INFO] Sante.EMR.SmartClient.Infrastructure.Data.Module successfully loaded...
3/17/2010 10:04:33 PM [INFO] Sante.EMR.SmartClient.Infrastructure.Webserver.Module successfully loaded...
3/17/2010 10:04:33 PM [INFO] Webserver was successfully killed...
3/17/2010 10:10:03 PM [INFO] Network Connection Monitor Thread started...
3/17/2010 10:10:03 PM [INFO] Aborting network connection monitor thread...
3/17/2010 10:10:03 PM [INFO] Webserver started successfully on port 8080
3/17/2010 10:10:03 PM [INFO] Sante.EMR.SmartClient.Infrastructure.Logger.Module successfully loaded...
3/17/2010 10:10:03 PM [INFO] Sante.EMR.SmartClient.Infrastructure.Module.ConnectionMonitor.Module successfully loaded...
3/17/2010 10:10:03 PM [INFO] Sante.EMR.SmartClient.Infrastructure.Data.Module successfully loaded...
3/17/2010 10:10:03 PM [INFO] Sante.EMR.SmartClient.Infrastructure.Webserver.Module successfully loaded...
3/17/2010 10:10:03 PM [INFO] Webserver was successfully killed...
3/17/2010 10:34:35 PM [INFO] Network Connection Monitor Thread started...
3/17/2010 10:34:35 PM [INFO] Aborting network connection monitor thread...
3/17/2010 10:34:35 PM [INFO] Webserver started successfully on port 8080
3/17/2010 10:34:35 PM [INFO] Sante.EMR.SmartClient.Infrastructure.Logger.Module successfully loaded...
3/17/2010 10:34:35 PM [INFO] Sante.EMR.SmartClient.Infrastructure.Module.ConnectionMonitor.Module successfully loaded...
3/17/2010 10:34:35 PM [INFO] Sante.EMR.SmartClient.Infrastructure.Data.Module successfully loaded...
3/17/2010 10:34:35 PM [INFO] Sante.EMR.SmartClient.Infrastructure.Webserver.Module successfully loaded...
3/17/2010 10:34:35 PM [INFO] Webserver was successfully killed...
3/17/2010 11:12:29 PM [INFO] Network Connection Monitor Thread started...
3/17/2010 11:12:29 PM [INFO] Webserver started successfully on port 8080
3/17/2010 11:12:29 PM [INFO] Sante.EMR.SmartClient.Infrastructure.Logger.Module successfully loaded...
3/17/2010 11:12:29 PM [INFO] Sante.EMR.SmartClient.Infrastructure.Module.ConnectionMonitor.Module successfully loaded...
3/17/2010 11:12:29 PM [INFO] Sante.EMR.SmartClient.Infrastructure.Data.Module successfully loaded...
3/17/2010 11:12:29 PM [INFO] Sante.EMR.SmartClient.Infrastructure.Webserver.Module successfully loaded...
3/18/2010 12:24:43 AM [INFO] Network Connection Monitor Thread started...
3/18/2010 12:24:43 AM [INFO] Aborting network connection monitor thread...
3/18/2010 12:24:43 AM [INFO] Webserver started successfully on port 8080
3/18/2010 12:24:43 AM [INFO] Sante.EMR.SmartClient.Infrastructure.Logger.Module successfully loaded...
3/18/2010 12:24:43 AM [INFO] Sante.EMR.SmartClient.Infrastructure.Module.ConnectionMonitor.Module successfully loaded...
3/18/2010 12:24:43 AM [INFO] Sante.EMR.SmartClient.Infrastructure.Data.Module successfully loaded...
3/18/2010 12:24:43 AM [INFO] Sante.EMR.SmartClient.Infrastructure.Webserver.Module successfully loaded...
3/18/2010 12:24:43 AM [INFO] Webserver was successfully killed...
3/18/2010 12:32:32 AM [INFO] Network Connection Monitor Thread started...
3/18/2010 12:32:32 AM [INFO] Aborting network connection monitor thread...
3/18/2010 12:32:32 AM [INFO] Webserver started successfully on port 8080
3/18/2010 12:32:32 AM [INFO] Sante.EMR.SmartClient.Infrastructure.Logger.Module successfully loaded...
3/18/2010 12:32:32 AM [INFO] Sante.EMR.SmartClient.Infrastructure.Module.ConnectionMonitor.Module successfully loaded...
3/18/2010 12:32:32 AM [INFO] Sante.EMR.SmartClient.Infrastructure.Data.Module successfully loaded...
3/18/2010 12:32:32 AM [INFO] Sante.EMR.SmartClient.Infrastructure.Webserver.Module successfully loaded...
3/18/2010 12:32:32 AM [INFO] Webserver was successfully killed...
3/18/2010 12:54:33 AM [INFO] Network Connection Monitor Thread started...
3/18/2010 12:54:33 AM [INFO] Aborting network connection monitor thread...
3/18/2010 12:54:33 AM [INFO] Webserver started successfully on port 8080
3/18/2010 12:54:33 AM [INFO] Sante.EMR.SmartClient.Infrastructure.Logger.Module successfully loaded...
3/18/2010 12:54:33 AM [INFO] Sante.EMR.SmartClient.Infrastructure.Module.ConnectionMonitor.Module successfully loaded...
3/18/2010 12:54:33 AM [INFO] Sante.EMR.SmartClient.Infrastructure.Data.Module successfully loaded...
3/18/2010 12:54:33 AM [INFO] Sante.EMR.SmartClient.Infrastructure.Webserver.Module successfully loaded...
3/18/2010 12:54:33 AM [INFO] Webserver was successfully killed...
3/18/2010 1:06:06 AM [INFO] Network Connection Monitor Thread started...
3/18/2010 1:06:06 AM [INFO] Aborting network connection monitor thread...
3/18/2010 1:06:06 AM [INFO] Webserver started successfully on port 8080
3/18/2010 1:06:06 AM [INFO] Sante.EMR.SmartClient.Infrastructure.Logger.Module successfully loaded...
3/18/2010 1:06:06 AM [INFO] Sante.EMR.SmartClient.Infrastructure.Module.ConnectionMonitor.Module successfully loaded...
3/18/2010 1:06:06 AM [INFO] Sante.EMR.SmartClient.Infrastructure.Data.Module successfully loaded...
3/18/2010 1:06:06 AM [INFO] Sante.EMR.SmartClient.Infrastructure.Webserver.Module successfully loaded...
3/18/2010 1:06:06 AM [INFO] Webserver was successfully killed...
3/18/2010 1:12:17 AM [INFO] Network Connection Monitor Thread started...
3/18/2010 1:12:17 AM [INFO] Aborting network connection monitor thread...
3/18/2010 1:12:17 AM [INFO] Webserver started successfully on port 8080
3/18/2010 1:12:17 AM [INFO] Sante.EMR.SmartClient.Infrastructure.Logger.Module successfully loaded...
3/18/2010 1:12:17 AM [INFO] Sante.EMR.SmartClient.Infrastructure.Module.ConnectionMonitor.Module successfully loaded...
3/18/2010 1:12:17 AM [INFO] Sante.EMR.SmartClient.Infrastructure.Data.Module successfully loaded...
3/18/2010 1:12:17 AM [INFO] Sante.EMR.SmartClient.Infrastructure.Webserver.Module successfully loaded...
3/18/2010 1:12:17 AM [INFO] Webserver was successfully killed...
3/18/2010 1:16:38 AM [INFO] Network Connection Monitor Thread started...
3/18/2010 1:16:38 AM [INFO] Aborting network connection monitor thread...
3/18/2010 1:16:38 AM [INFO] Webserver started successfully on port 8080
3/18/2010 1:16:38 AM [INFO] Sante.EMR.SmartClient.Infrastructure.Logger.Module successfully loaded...
3/18/2010 1:16:38 AM [INFO] Sante.EMR.SmartClient.Infrastructure.Module.ConnectionMonitor.Module successfully loaded...
3/18/2010 1:16:38 AM [INFO] Sante.EMR.SmartClient.Infrastructure.Data.Module successfully loaded...
3/18/2010 1:16:38 AM [INFO] Sante.EMR.SmartClient.Infrastructure.Webserver.Module successfully loaded...
3/18/2010 1:16:38 AM [INFO] Webserver was successfully killed...
3/18/2010 1:19:06 AM [INFO] Network Connection Monitor Thread started...
3/18/2010 1:19:06 AM [INFO] Aborting network connection monitor thread...
3/18/2010 1:19:06 AM [INFO] Webserver started successfully on port 8080
3/18/2010 1:19:06 AM [INFO] Sante.EMR.SmartClient.Infrastructure.Logger.Module successfully loaded...
3/18/2010 1:19:06 AM [INFO] Sante.EMR.SmartClient.Infrastructure.Module.ConnectionMonitor.Module successfully loaded...
3/18/2010 1:19:06 AM [INFO] Sante.EMR.SmartClient.Infrastructure.Data.Module successfully loaded...
3/18/2010 1:19:06 AM [INFO] Sante.EMR.SmartClient.Infrastructure.Webserver.Module successfully loaded...
3/18/2010 1:19:06 AM [INFO] Webserver was successfully killed...
3/18/2010 1:26:59 AM [INFO] Network Connection Monitor Thread started...
3/18/2010 1:26:59 AM [INFO] Aborting network connection monitor thread...
3/18/2010 1:26:59 AM [INFO] Webserver started successfully on port 8080
3/18/2010 1:26:59 AM [INFO] Sante.EMR.SmartClient.Infrastructure.Logger.Module successfully loaded...
3/18/2010 1:26:59 AM [INFO] Sante.EMR.SmartClient.Infrastructure.Module.ConnectionMonitor.Module successfully loaded...
3/18/2010 1:26:59 AM [INFO] Sante.EMR.SmartClient.Infrastructure.Data.Module successfully loaded...
3/18/2010 1:26:59 AM [INFO] Sante.EMR.SmartClient.Infrastructure.Webserver.Module successfully loaded...
3/18/2010 1:26:59 AM [INFO] Webserver was successfully killed...
3/18/2010 1:44:15 AM [INFO] Network Connection Monitor Thread started...
3/18/2010 1:44:15 AM [INFO] Aborting network connection monitor thread...
3/18/2010 1:44:15 AM [INFO] Webserver started successfully on port 8080
3/18/2010 1:44:15 AM [INFO] Sante.EMR.SmartClient.Infrastructure.Logger.Module successfully loaded...
3/18/2010 1:44:15 AM [INFO] Sante.EMR.SmartClient.Infrastructure.Module.ConnectionMonitor.Module successfully loaded...
3/18/2010 1:44:15 AM [INFO] Sante.EMR.SmartClient.Infrastructure.Data.Module successfully loaded...
3/18/2010 1:44:15 AM [INFO] Sante.EMR.SmartClient.Infrastructure.Webserver.Module successfully loaded...
3/18/2010 1:44:15 AM [INFO] Webserver was successfully killed...
3/18/2010 2:03:16 AM [INFO] Network Connection Monitor Thread started...
3/18/2010 2:03:16 AM [INFO] Aborting network connection monitor thread...
3/18/2010 2:03:16 AM [INFO] Webserver started successfully on port 8080
3/18/2010 2:03:16 AM [INFO] Sante.EMR.SmartClient.Infrastructure.Logger.Module successfully loaded...
3/18/2010 2:03:16 AM [INFO] Sante.EMR.SmartClient.Infrastructure.Module.ConnectionMonitor.Module successfully loaded...
3/18/2010 2:03:16 AM [INFO] Sante.EMR.SmartClient.Infrastructure.Data.Module successfully loaded...
3/18/2010 2:03:16 AM [INFO] Sante.EMR.SmartClient.Infrastructure.Webserver.Module successfully loaded...
3/18/2010 2:03:16 AM [INFO] Webserver was successfully killed...
3/18/2010 2:06:44 AM [INFO] Network Connection Monitor Thread started...
3/18/2010 2:06:44 AM [INFO] Aborting network connection monitor thread...
3/18/2010 2:06:44 AM [INFO] Webserver started successfully on port 8080
3/18/2010 2:06:44 AM [INFO] Sante.EMR.SmartClient.Infrastructure.Logger.Module successfully loaded...
3/18/2010 2:06:44 AM [INFO] Sante.EMR.SmartClient.Infrastructure.Module.ConnectionMonitor.Module successfully loaded...
3/18/2010 2:06:44 AM [INFO] Sante.EMR.SmartClient.Infrastructure.Data.Module successfully loaded...
3/18/2010 2:06:44 AM [INFO] Sante.EMR.SmartClient.Infrastructure.Webserver.Module successfully loaded...
3/18/2010 2:06:44 AM [INFO] Webserver was successfully killed...
3/18/2010 2:08:14 AM [INFO] Network Connection Monitor Thread started...
3/18/2010 2:08:14 AM [INFO] Aborting network connection monitor thread...
3/18/2010 2:08:14 AM [INFO] Webserver started successfully on port 8080
3/18/2010 2:08:14 AM [INFO] Sante.EMR.SmartClient.Infrastructure.Logger.Module successfully loaded...
3/18/2010 2:08:14 AM [INFO] Sante.EMR.SmartClient.Infrastructure.Module.ConnectionMonitor.Module successfully loaded...
3/18/2010 2:08:14 AM [INFO] Sante.EMR.SmartClient.Infrastructure.Data.Module successfully loaded...
3/18/2010 2:08:14 AM [INFO] Sante.EMR.SmartClient.Infrastructure.Webserver.Module successfully loaded...
3/18/2010 2:08:14 AM [INFO] Webserver was successfully killed...
3/18/2010 2:18:31 AM [INFO] Network Connection Monitor Thread started...
3/18/2010 2:18:31 AM [INFO] Aborting network connection monitor thread...
3/18/2010 2:18:31 AM [INFO] Webserver started successfully on port 8080
3/18/2010 2:18:31 AM [INFO] Sante.EMR.SmartClient.Infrastructure.Logger.Module successfully loaded...
3/18/2010 2:18:31 AM [INFO] Sante.EMR.SmartClient.Infrastructure.Module.ConnectionMonitor.Module successfully loaded...
3/18/2010 2:18:31 AM [INFO] Sante.EMR.SmartClient.Infrastructure.Data.Module successfully loaded...
3/18/2010 2:18:31 AM [INFO] Sante.EMR.SmartClient.Infrastructure.Webserver.Module successfully loaded...
3/18/2010 2:18:31 AM [INFO] Webserver was successfully killed...
3/18/2010 2:19:39 AM [INFO] Network Connection Monitor Thread started...
3/18/2010 2:19:39 AM [INFO] Aborting network connection monitor thread...
3/18/2010 2:19:39 AM [INFO] Webserver started successfully on port 8080
3/18/2010 2:19:39 AM [INFO] Sante.EMR.SmartClient.Infrastructure.Logger.Module successfully loaded...
3/18/2010 2:19:39 AM [INFO] Sante.EMR.SmartClient.Infrastructure.Module.ConnectionMonitor.Module successfully loaded...
3/18/2010 2:19:39 AM [INFO] Sante.EMR.SmartClient.Infrastructure.Data.Module successfully loaded...
3/18/2010 2:19:39 AM [INFO] Sante.EMR.SmartClient.Infrastructure.Webserver.Module successfully loaded...
3/18/2010 2:19:39 AM [INFO] Webserver was successfully killed...
3/18/2010 2:23:10 AM [INFO] Network Connection Monitor Thread started...
3/18/2010 2:23:10 AM [INFO] Aborting network connection monitor thread...
3/18/2010 2:23:10 AM [INFO] Webserver started successfully on port 8080
3/18/2010 2:23:10 AM [INFO] Sante.EMR.SmartClient.Infrastructure.Logger.Module successfully loaded...
3/18/2010 2:23:10 AM [INFO] Sante.EMR.SmartClient.Infrastructure.Module.ConnectionMonitor.Module successfully loaded...
3/18/2010 2:23:10 AM [INFO] Sante.EMR.SmartClient.Infrastructure.Data.Module successfully loaded...
3/18/2010 2:23:10 AM [INFO] Sante.EMR.SmartClient.Infrastructure.Webserver.Module successfully loaded...
3/18/2010 2:23:10 AM [INFO] Webserver was successfully killed...
